<?xml version="1.0" encoding="UTF-8"?>
<testng-results ignored="0" total="2" passed="2" failed="0" skipped="0">
  <reporter-output>
    <line>
      <![CDATA[chrome browser launched Successfuly]]>
    </line>
    <line>
      <![CDATA[chrome browser launched Successfuly]]>
    </line>
    <line>
      <![CDATA[Browser closed Successfully]]>
    </line>
    <line>
      <![CDATA[Browser closed Successfully]]>
    </line>
  </reporter-output>
  <suite started-at="2023-05-05T17:43:57 IST" name="Suite" finished-at="2023-05-05T17:44:20 IST" duration-ms="22796">
    <groups>
      <group name="smokeSuite">
        <method signature="test1.appcffms()[pri:0, instance:referenceApcfms.test1@121314f7]" name="appcffms" class="referenceApcfms.test1"/>
        <method signature="test1.appcffms()[pri:0, instance:referenceApcfms.test1@6892b3b6]" name="appcffms" class="referenceApcfms.test1"/>
      </group> <!-- smokeSuite -->
    </groups>
    <test started-at="2023-05-05T17:43:57 IST" name="Test-Runner1" finished-at="2023-05-05T17:44:20 IST" duration-ms="22796">
      <class name="referenceApcfms.test1">
        <test-method is-config="true" signature="bcConfig()[pri:0, instance:referenceApcfms.test1@121314f7]" started-at="2023-05-05T17:43:57 IST" name="bcConfig" finished-at="2023-05-05T17:44:03 IST" duration-ms="5834" status="PASS">
          <reporter-output>
            <line>
              <![CDATA[chrome browser launched Successfuly]]>
            </line>
          </reporter-output>
        </test-method> <!-- bcConfig -->
        <test-method is-config="true" signature="bConfiig()[pri:0, instance:referenceApcfms.test1@121314f7]" started-at="2023-05-05T17:44:03 IST" name="bConfiig" finished-at="2023-05-05T17:44:03 IST" duration-ms="0" status="PASS">
          <reporter-output>
          </reporter-output>
        </test-method> <!-- bConfiig -->
        <test-method signature="appcffms()[pri:0, instance:referenceApcfms.test1@121314f7]" started-at="2023-05-05T17:44:03 IST" name="appcffms" finished-at="2023-05-05T17:44:20 IST" duration-ms="16645" status="PASS">
          <reporter-output>
          </reporter-output>
        </test-method> <!-- appcffms -->
        <test-method is-config="true" signature="amConfig()[pri:0, instance:referenceApcfms.test1@121314f7]" started-at="2023-05-05T17:44:20 IST" name="amConfig" finished-at="2023-05-05T17:44:20 IST" duration-ms="0" status="PASS">
          <reporter-output>
          </reporter-output>
        </test-method> <!-- amConfig -->
        <test-method is-config="true" signature="acConfig()[pri:0, instance:referenceApcfms.test1@121314f7]" started-at="2023-05-05T17:44:20 IST" name="acConfig" finished-at="2023-05-05T17:44:20 IST" duration-ms="0" status="PASS">
          <reporter-output>
            <line>
              <![CDATA[Browser closed Successfully]]>
            </line>
          </reporter-output>
        </test-method> <!-- acConfig -->
      </class> <!-- referenceApcfms.test1 -->
    </test> <!-- Test-Runner1 -->
    <test started-at="2023-05-05T17:43:57 IST" name="Test-Runner2" finished-at="2023-05-05T17:44:20 IST" duration-ms="22751">
      <class name="referenceApcfms.test1">
        <test-method is-config="true" signature="bsConfig()[pri:0, instance:referenceApcfms.test1@6892b3b6]" started-at="2023-05-05T17:43:57 IST" name="bsConfig" finished-at="2023-05-05T17:43:57 IST" duration-ms="7" status="PASS">
          <reporter-output>
          </reporter-output>
        </test-method> <!-- bsConfig -->
        <test-method is-config="true" signature="bcConfig()[pri:0, instance:referenceApcfms.test1@6892b3b6]" started-at="2023-05-05T17:43:57 IST" name="bcConfig" finished-at="2023-05-05T17:44:04 IST" duration-ms="6184" status="PASS">
          <reporter-output>
            <line>
              <![CDATA[chrome browser launched Successfuly]]>
            </line>
          </reporter-output>
        </test-method> <!-- bcConfig -->
        <test-method is-config="true" signature="bConfiig()[pri:0, instance:referenceApcfms.test1@6892b3b6]" started-at="2023-05-05T17:44:04 IST" name="bConfiig" finished-at="2023-05-05T17:44:04 IST" duration-ms="0" status="PASS">
          <reporter-output>
          </reporter-output>
        </test-method> <!-- bConfiig -->
        <test-method signature="appcffms()[pri:0, instance:referenceApcfms.test1@6892b3b6]" started-at="2023-05-05T17:44:04 IST" name="appcffms" finished-at="2023-05-05T17:44:20 IST" duration-ms="16259" status="PASS">
          <reporter-output>
          </reporter-output>
        </test-method> <!-- appcffms -->
        <test-method is-config="true" signature="amConfig()[pri:0, instance:referenceApcfms.test1@6892b3b6]" started-at="2023-05-05T17:44:20 IST" name="amConfig" finished-at="2023-05-05T17:44:20 IST" duration-ms="1" status="PASS">
          <reporter-output>
          </reporter-output>
        </test-method> <!-- amConfig -->
        <test-method is-config="true" signature="acConfig()[pri:0, instance:referenceApcfms.test1@6892b3b6]" started-at="2023-05-05T17:44:20 IST" name="acConfig" finished-at="2023-05-05T17:44:20 IST" duration-ms="0" status="PASS">
          <reporter-output>
            <line>
              <![CDATA[Browser closed Successfully]]>
            </line>
          </reporter-output>
        </test-method> <!-- acConfig -->
        <test-method is-config="true" signature="asSuite()[pri:0, instance:referenceApcfms.test1@6892b3b6]" started-at="2023-05-05T17:44:20 IST" name="asSuite" finished-at="2023-05-05T17:44:20 IST" duration-ms="1" status="PASS">
          <reporter-output>
          </reporter-output>
        </test-method> <!-- asSuite -->
      </class> <!-- referenceApcfms.test1 -->
    </test> <!-- Test-Runner2 -->
  </suite> <!-- Suite -->
</testng-results>
